# JRE version: OpenJDK Runtime Environment Temurin-21.0.5+11 (21.0.5+11) (build 21.0.5+11-LTS)
# Java VM: OpenJDK 64-Bit Server VM Temurin-21.0.5+11 (21.0.5+11-LTS, mixed mode, sharing, tiered, compressed oops, compressed class ptrs, parallel gc, windows-amd64)
GC Precious Log:
 CardTable entry size: 512
 CPUs: 8 total, 8 available
 Memory: 7979M
 Large Page Support: Disabled
 NUMA Support: Disabled
 Compressed Oops: Enabled (32-bit)
 Alignments: Space 512K, Generation 512K, Heap 2M
 Heap Min Capacity: 100M
 Heap Initial Capacity: 100M
 Heap Max Capacity: 1G
 Pre-touch: Disabled
 Parallel Workers: 8
Heap:
 PSYoungGen      total 4608K, used 4301K [0x00000000eab00000, 0x00000000eb100000, 0x0000000100000000)
  eden space 3584K, 99% used [0x00000000eab00000,0x00000000eae7d7b0,0x00000000eae80000)
  from space 1024K, 71% used [0x00000000eb000000,0x00000000eb0b5c88,0x00000000eb100000)
  to   space 1024K, 98% used [0x00000000eae80000,0x00000000eaf7cbc0,0x00000000eaf80000)
 ParOldGen       total 171008K, used 170613K [0x00000000c0000000, 0x00000000ca700000, 0x00000000eab00000)
  object space 171008K, 99% used [0x00000000c0000000,0x00000000ca69d640,0x00000000ca700000)
 Metaspace       used 62739K, committed 64064K, reserved 1114112K
  class space    used 6615K, committed 7232K, reserved 1048576K
GC Heap History (20 events):
Event: 27.194 GC heap after
{Heap after GC invocations=127 (full 3):
 PSYoungGen      total 4608K, used 838K [0x00000000eab00000, 0x00000000eb080000, 0x0000000100000000)
  eden space 3584K, 0% used [0x00000000eab00000,0x00000000eab00000,0x00000000eae80000)
  from space 1024K, 81% used [0x00000000eaf80000,0x00000000eb051878,0x00000000eb080000)
  to   space 1024K, 0% used [0x00000000eae80000,0x00000000eae80000,0x00000000eaf80000)
 ParOldGen       total 164864K, used 164393K [0x00000000c0000000, 0x00000000ca100000, 0x00000000eab00000)
  object space 164864K, 99% used [0x00000000c0000000,0x00000000ca08a5a0,0x00000000ca100000)
 Metaspace       used 62737K, committed 64064K, reserved 1114112K
  class space    used 6615K, committed 7232K, reserved 1048576K
}
Event: 27.228 GC heap before
{Heap before GC invocations=128 (full 3):
 PSYoungGen      total 4608K, used 4422K [0x00000000eab00000, 0x00000000eb080000, 0x0000000100000000)
  eden space 3584K, 100% used [0x00000000eab00000,0x00000000eae80000,0x00000000eae80000)
  from space 1024K, 81% used [0x00000000eaf80000,0x00000000eb051878,0x00000000eb080000)
  to   space 1024K, 0% used [0x00000000eae80000,0x00000000eae80000,0x00000000eaf80000)
 ParOldGen       total 164864K, used 164393K [0x00000000c0000000, 0x00000000ca100000, 0x00000000eab00000)
  object space 164864K, 99% used [0x00000000c0000000,0x00000000ca08a5a0,0x00000000ca100000)
 Metaspace       used 62737K, committed 64064K, reserved 1114112K
  class space    used 6615K, committed 7232K, reserved 1048576K
}
Event: 27.230 GC heap after
{Heap after GC invocations=128 (full 3):
 PSYoungGen      total 4608K, used 741K [0x00000000eab00000, 0x00000000eb080000, 0x0000000100000000)
  eden space 3584K, 0% used [0x00000000eab00000,0x00000000eab00000,0x00000000eae80000)
  from space 1024K, 72% used [0x00000000eae80000,0x00000000eaf39768,0x00000000eaf80000)
  to   space 1024K, 0% used [0x00000000eaf80000,0x00000000eaf80000,0x00000000eb080000)
 ParOldGen       total 165376K, used 165082K [0x00000000c0000000, 0x00000000ca180000, 0x00000000eab00000)
  object space 165376K, 99% used [0x00000000c0000000,0x00000000ca136998,0x00000000ca180000)
 Metaspace       used 62737K, committed 64064K, reserved 1114112K
  class space    used 6615K, committed 7232K, reserved 1048576K
}
Event: 27.269 GC heap before
{Heap before GC invocations=129 (full 3):
 PSYoungGen      total 4608K, used 4325K [0x00000000eab00000, 0x00000000eb080000, 0x0000000100000000)
  eden space 3584K, 100% used [0x00000000eab00000,0x00000000eae80000,0x00000000eae80000)
  from space 1024K, 72% used [0x00000000eae80000,0x00000000eaf39768,0x00000000eaf80000)
  to   space 1024K, 0% used [0x00000000eaf80000,0x00000000eaf80000,0x00000000eb080000)
 ParOldGen       total 165376K, used 165082K [0x00000000c0000000, 0x00000000ca180000, 0x00000000eab00000)
  object space 165376K, 99% used [0x00000000c0000000,0x00000000ca136998,0x00000000ca180000)
 Metaspace       used 62737K, committed 64064K, reserved 1114112K
  class space    used 6615K, committed 7232K, reserved 1048576K
}
Event: 27.271 GC heap after
{Heap after GC invocations=129 (full 3):
 PSYoungGen      total 4608K, used 662K [0x00000000eab00000, 0x00000000eb080000, 0x0000000100000000)
  eden space 3584K, 0% used [0x00000000eab00000,0x00000000eab00000,0x00000000eae80000)
  from space 1024K, 64% used [0x00000000eaf80000,0x00000000eb025948,0x00000000eb080000)
  to   space 1024K, 0% used [0x00000000eae80000,0x00000000eae80000,0x00000000eaf80000)
 ParOldGen       total 165888K, used 165699K [0x00000000c0000000, 0x00000000ca200000, 0x00000000eab00000)
  object space 165888K, 99% used [0x00000000c0000000,0x00000000ca1d0ed0,0x00000000ca200000)
 Metaspace       used 62737K, committed 64064K, reserved 1114112K
  class space    used 6615K, committed 7232K, reserved 1048576K
}
Event: 27.289 GC heap before
{Heap before GC invocations=130 (full 3):
 PSYoungGen      total 4608K, used 4246K [0x00000000eab00000, 0x00000000eb080000, 0x0000000100000000)
  eden space 3584K, 100% used [0x00000000eab00000,0x00000000eae80000,0x00000000eae80000)
  from space 1024K, 64% used [0x00000000eaf80000,0x00000000eb025948,0x00000000eb080000)
  to   space 1024K, 0% used [0x00000000eae80000,0x00000000eae80000,0x00000000eaf80000)
 ParOldGen       total 165888K, used 165699K [0x00000000c0000000, 0x00000000ca200000, 0x00000000eab00000)
  object space 165888K, 99% used [0x00000000c0000000,0x00000000ca1d0ed0,0x00000000ca200000)
 Metaspace       used 62737K, committed 64064K, reserved 1114112K
  class space    used 6615K, committed 7232K, reserved 1048576K
}
Event: 27.290 GC heap after
{Heap after GC invocations=130 (full 3):
 PSYoungGen      total 4608K, used 606K [0x00000000eab00000, 0x00000000eb080000, 0x0000000100000000)
  eden space 3584K, 0% used [0x00000000eab00000,0x00000000eab00000,0x00000000eae80000)
  from space 1024K, 59% used [0x00000000eae80000,0x00000000eaf17a58,0x00000000eaf80000)
  to   space 1024K, 0% used [0x00000000eaf80000,0x00000000eaf80000,0x00000000eb080000)
 ParOldGen       total 166400K, used 166280K [0x00000000c0000000, 0x00000000ca280000, 0x00000000eab00000)
  object space 166400K, 99% used [0x00000000c0000000,0x00000000ca262388,0x00000000ca280000)
 Metaspace       used 62737K, committed 64064K, reserved 1114112K
  class space    used 6615K, committed 7232K, reserved 1048576K
}
Event: 27.312 GC heap before
{Heap before GC invocations=131 (full 3):
 PSYoungGen      total 4608K, used 4190K [0x00000000eab00000, 0x00000000eb080000, 0x0000000100000000)
  eden space 3584K, 100% used [0x00000000eab00000,0x00000000eae80000,0x00000000eae80000)
  from space 1024K, 59% used [0x00000000eae80000,0x00000000eaf17a58,0x00000000eaf80000)
  to   space 1024K, 0% used [0x00000000eaf80000,0x00000000eaf80000,0x00000000eb080000)
 ParOldGen       total 166400K, used 166280K [0x00000000c0000000, 0x00000000ca280000, 0x00000000eab00000)
  object space 166400K, 99% used [0x00000000c0000000,0x00000000ca262388,0x00000000ca280000)
 Metaspace       used 62737K, committed 64064K, reserved 1114112K
  class space    used 6615K, committed 7232K, reserved 1048576K
}
Event: 27.313 GC heap after
{Heap after GC invocations=131 (full 3):
 PSYoungGen      total 4608K, used 563K [0x00000000eab00000, 0x00000000eb080000, 0x0000000100000000)
  eden space 3584K, 0% used [0x00000000eab00000,0x00000000eab00000,0x00000000eae80000)
  from space 1024K, 55% used [0x00000000eaf80000,0x00000000eb00ce40,0x00000000eb080000)
  to   space 1024K, 0% used [0x00000000eae80000,0x00000000eae80000,0x00000000eaf80000)
 ParOldGen       total 166912K, used 166767K [0x00000000c0000000, 0x00000000ca300000, 0x00000000eab00000)
  object space 166912K, 99% used [0x00000000c0000000,0x00000000ca2dbc68,0x00000000ca300000)
 Metaspace       used 62737K, committed 64064K, reserved 1114112K
  class space    used 6615K, committed 7232K, reserved 1048576K
}
Event: 27.358 GC heap before
{Heap before GC invocations=132 (full 3):
 PSYoungGen      total 4608K, used 4147K [0x00000000eab00000, 0x00000000eb080000, 0x0000000100000000)
  eden space 3584K, 100% used [0x00000000eab00000,0x00000000eae80000,0x00000000eae80000)
  from space 1024K, 55% used [0x00000000eaf80000,0x00000000eb00ce40,0x00000000eb080000)
  to   space 1024K, 0% used [0x00000000eae80000,0x00000000eae80000,0x00000000eaf80000)
 ParOldGen       total 166912K, used 166767K [0x00000000c0000000, 0x00000000ca300000, 0x00000000eab00000)
  object space 166912K, 99% used [0x00000000c0000000,0x00000000ca2dbc68,0x00000000ca300000)
 Metaspace       used 62737K, committed 64064K, reserved 1114112K
  class space    used 6615K, committed 7232K, reserved 1048576K
}
Event: 27.360 GC heap after
{Heap after GC invocations=132 (full 3):
 PSYoungGen      total 4608K, used 761K [0x00000000eab00000, 0x00000000eb080000, 0x0000000100000000)
  eden space 3584K, 0% used [0x00000000eab00000,0x00000000eab00000,0x00000000eae80000)
  from space 1024K, 74% used [0x00000000eae80000,0x00000000eaf3e420,0x00000000eaf80000)
  to   space 1024K, 0% used [0x00000000eaf80000,0x00000000eaf80000,0x00000000eb080000)
 ParOldGen       total 167424K, used 167239K [0x00000000c0000000, 0x00000000ca380000, 0x00000000eab00000)
  object space 167424K, 99% used [0x00000000c0000000,0x00000000ca351e10,0x00000000ca380000)
 Metaspace       used 62737K, committed 64064K, reserved 1114112K
  class space    used 6615K, committed 7232K, reserved 1048576K
}
Event: 27.463 GC heap before
{Heap before GC invocations=133 (full 3):
 PSYoungGen      total 4608K, used 4345K [0x00000000eab00000, 0x00000000eb080000, 0x0000000100000000)
  eden space 3584K, 99% used [0x00000000eab00000,0x00000000eae7fff0,0x00000000eae80000)
  from space 1024K, 74% used [0x00000000eae80000,0x00000000eaf3e420,0x00000000eaf80000)
  to   space 1024K, 0% used [0x00000000eaf80000,0x00000000eaf80000,0x00000000eb080000)
 ParOldGen       total 167424K, used 167239K [0x00000000c0000000, 0x00000000ca380000, 0x00000000eab00000)
  object space 167424K, 99% used [0x00000000c0000000,0x00000000ca351e10,0x00000000ca380000)
 Metaspace       used 62737K, committed 64064K, reserved 1114112K
  class space    used 6615K, committed 7232K, reserved 1048576K
}
Event: 27.466 GC heap after
{Heap after GC invocations=133 (full 3):
 PSYoungGen      total 4608K, used 382K [0x00000000eab00000, 0x00000000eb080000, 0x0000000100000000)
  eden space 3584K, 0% used [0x00000000eab00000,0x00000000eab00000,0x00000000eae80000)
  from space 1024K, 37% used [0x00000000eaf80000,0x00000000eafdf9d8,0x00000000eb080000)
  to   space 1024K, 0% used [0x00000000eae80000,0x00000000eae80000,0x00000000eaf80000)
 ParOldGen       total 167936K, used 167882K [0x00000000c0000000, 0x00000000ca400000, 0x00000000eab00000)
  object space 167936K, 99% used [0x00000000c0000000,0x00000000ca3f2ba0,0x00000000ca400000)
 Metaspace       used 62737K, committed 64064K, reserved 1114112K
  class space    used 6615K, committed 7232K, reserved 1048576K
}
Event: 27.485 GC heap before
{Heap before GC invocations=134 (full 3):
 PSYoungGen      total 4608K, used 3966K [0x00000000eab00000, 0x00000000eb080000, 0x0000000100000000)
  eden space 3584K, 100% used [0x00000000eab00000,0x00000000eae80000,0x00000000eae80000)
  from space 1024K, 37% used [0x00000000eaf80000,0x00000000eafdf9d8,0x00000000eb080000)
  to   space 1024K, 0% used [0x00000000eae80000,0x00000000eae80000,0x00000000eaf80000)
 ParOldGen       total 167936K, used 167882K [0x00000000c0000000, 0x00000000ca400000, 0x00000000eab00000)
  object space 167936K, 99% used [0x00000000c0000000,0x00000000ca3f2ba0,0x00000000ca400000)
 Metaspace       used 62737K, committed 64064K, reserved 1114112K
  class space    used 6615K, committed 7232K, reserved 1048576K
}
Event: 27.486 GC heap after
{Heap after GC invocations=134 (full 3):
 PSYoungGen      total 4608K, used 932K [0x00000000eab00000, 0x00000000eb180000, 0x0000000100000000)
  eden space 3584K, 0% used [0x00000000eab00000,0x00000000eab00000,0x00000000eae80000)
  from space 1024K, 91% used [0x00000000eae80000,0x00000000eaf693a8,0x00000000eaf80000)
  to   space 1536K, 0% used [0x00000000eb000000,0x00000000eb000000,0x00000000eb180000)
 ParOldGen       total 168448K, used 168191K [0x00000000c0000000, 0x00000000ca480000, 0x00000000eab00000)
  object space 168448K, 99% used [0x00000000c0000000,0x00000000ca43fd00,0x00000000ca480000)
 Metaspace       used 62737K, committed 64064K, reserved 1114112K
  class space    used 6615K, committed 7232K, reserved 1048576K
}
Event: 27.504 GC heap before
{Heap before GC invocations=135 (full 3):
 PSYoungGen      total 4608K, used 4516K [0x00000000eab00000, 0x00000000eb180000, 0x0000000100000000)
  eden space 3584K, 100% used [0x00000000eab00000,0x00000000eae80000,0x00000000eae80000)
  from space 1024K, 91% used [0x00000000eae80000,0x00000000eaf693a8,0x00000000eaf80000)
  to   space 1536K, 0% used [0x00000000eb000000,0x00000000eb000000,0x00000000eb180000)
 ParOldGen       total 168448K, used 168191K [0x00000000c0000000, 0x00000000ca480000, 0x00000000eab00000)
  object space 168448K, 99% used [0x00000000c0000000,0x00000000ca43fd00,0x00000000ca480000)
 Metaspace       used 62738K, committed 64064K, reserved 1114112K
  class space    used 6615K, committed 7232K, reserved 1048576K
}
Event: 27.505 GC heap after
{Heap after GC invocations=135 (full 3):
 PSYoungGen      total 4608K, used 727K [0x00000000eab00000, 0x00000000eb100000, 0x0000000100000000)
  eden space 3584K, 0% used [0x00000000eab00000,0x00000000eab00000,0x00000000eae80000)
  from space 1024K, 71% used [0x00000000eb000000,0x00000000eb0b5c88,0x00000000eb100000)
  to   space 1024K, 0% used [0x00000000eae80000,0x00000000eae80000,0x00000000eaf80000)
 ParOldGen       total 169472K, used 168979K [0x00000000c0000000, 0x00000000ca580000, 0x00000000eab00000)
  object space 169472K, 99% used [0x00000000c0000000,0x00000000ca504c10,0x00000000ca580000)
 Metaspace       used 62738K, committed 64064K, reserved 1114112K
  class space    used 6615K, committed 7232K, reserved 1048576K
}
Event: 27.592 GC heap before
{Heap before GC invocations=136 (full 3):
 PSYoungGen      total 4608K, used 4301K [0x00000000eab00000, 0x00000000eb100000, 0x0000000100000000)
  eden space 3584K, 99% used [0x00000000eab00000,0x00000000eae7d7b0,0x00000000eae80000)
  from space 1024K, 71% used [0x00000000eb000000,0x00000000eb0b5c88,0x00000000eb100000)
  to   space 1024K, 0% used [0x00000000eae80000,0x00000000eae80000,0x00000000eaf80000)
 ParOldGen       total 169472K, used 168979K [0x00000000c0000000, 0x00000000ca580000, 0x00000000eab00000)
  object space 169472K, 99% used [0x00000000c0000000,0x00000000ca504c10,0x00000000ca580000)
 Metaspace       used 62739K, committed 64064K, reserved 1114112K
  class space    used 6615K, committed 7232K, reserved 1048576K
}
Event: 27.594 GC heap after
{Heap after GC invocations=136 (full 3):
 PSYoungGen      total 4608K, used 4301K [0x00000000eab00000, 0x00000000eb100000, 0x0000000100000000)
  eden space 3584K, 99% used [0x00000000eab00000,0x00000000eae7d7b0,0x00000000eae80000)
  from space 1024K, 71% used [0x00000000eb000000,0x00000000eb0b5c88,0x00000000eb100000)
  to   space 1024K, 98% used [0x00000000eae80000,0x00000000eaf7cbc0,0x00000000eaf80000)
 ParOldGen       total 171008K, used 170613K [0x00000000c0000000, 0x00000000ca700000, 0x00000000eab00000)
  object space 171008K, 99% used [0x00000000c0000000,0x00000000ca69d640,0x00000000ca700000)
 Metaspace       used 62739K, committed 64064K, reserved 1114112K
  class space    used 6615K, committed 7232K, reserved 1048576K
}
Event: 27.594 GC heap before
{Heap before GC invocations=137 (full 4):
 PSYoungGen      total 4608K, used 4301K [0x00000000eab00000, 0x00000000eb100000, 0x0000000100000000)
  eden space 3584K, 99% used [0x00000000eab00000,0x00000000eae7d7b0,0x00000000eae80000)
  from space 1024K, 71% used [0x00000000eb000000,0x00000000eb0b5c88,0x00000000eb100000)
  to   space 1024K, 98% used [0x00000000eae80000,0x00000000eaf7cbc0,0x00000000eaf80000)
 ParOldGen       total 171008K, used 170613K [0x00000000c0000000, 0x00000000ca700000, 0x00000000eab00000)
  object space 171008K, 99% used [0x00000000c0000000,0x00000000ca69d640,0x00000000ca700000)
 Metaspace       used 62739K, committed 64064K, reserved 1114112K
  class space    used 6615K, committed 7232K, reserved 1048576K
}

