# JRE version: OpenJDK Runtime Environment Temurin-21.0.5+11 (21.0.5+11) (build 21.0.5+11-LTS)
# Java VM: OpenJDK 64-Bit Server VM Temurin-21.0.5+11 (21.0.5+11-LTS, mixed mode, sharing, tiered, compressed oops, compressed class ptrs, parallel gc, windows-amd64)
GC Precious Log:
 CardTable entry size: 512
 CPUs: 8 total, 8 available
 Memory: 7979M
 Large Page Support: Disabled
 NUMA Support: Disabled
 Compressed Oops: Enabled (32-bit)
 Alignments: Space 512K, Generation 512K, Heap 2M
 Heap Min Capacity: 100M
 Heap Initial Capacity: 100M
 Heap Max Capacity: 1G
 Pre-touch: Disabled
 Parallel Workers: 8
Heap:
 PSYoungGen      total 12288K, used 11175K [0x00000000eab00000, 0x00000000ebd00000, 0x0000000100000000)
  eden space 10240K, 89% used [0x00000000eab00000,0x00000000eb3f0350,0x00000000eb500000)
  from space 2048K, 98% used [0x00000000eb500000,0x00000000eb6f9ae8,0x00000000eb700000)
  to   space 4096K, 0% used [0x00000000eb900000,0x00000000eb900000,0x00000000ebd00000)
 ParOldGen       total 154112K, used 154058K [0x00000000c0000000, 0x00000000c9680000, 0x00000000eab00000)
  object space 154112K, 99% used [0x00000000c0000000,0x00000000c9672848,0x00000000c9680000)
 Metaspace       used 57922K, committed 59136K, reserved 1114112K
  class space    used 5876K, committed 6400K, reserved 1048576K
GC Heap History (20 events):
Event: 24.083 GC heap before
{Heap before GC invocations=54 (full 2):
 PSYoungGen      total 15360K, used 15260K [0x00000000eab00000, 0x00000000ec000000, 0x0000000100000000)
  eden space 12288K, 100% used [0x00000000eab00000,0x00000000eb700000,0x00000000eb700000)
  from space 3072K, 96% used [0x00000000eb700000,0x00000000eb9e7248,0x00000000eba00000)
  to   space 4608K, 0% used [0x00000000ebb80000,0x00000000ebb80000,0x00000000ec000000)
 ParOldGen       total 132608K, used 132397K [0x00000000c0000000, 0x00000000c8180000, 0x00000000eab00000)
  object space 132608K, 99% used [0x00000000c0000000,0x00000000c814b428,0x00000000c8180000)
 Metaspace       used 57450K, committed 58752K, reserved 1114112K
  class space    used 5855K, committed 6400K, reserved 1048576K
}
Event: 24.090 GC heap after
{Heap after GC invocations=54 (full 2):
 PSYoungGen      total 15360K, used 2896K [0x00000000eab00000, 0x00000000ebe80000, 0x0000000100000000)
  eden space 12288K, 0% used [0x00000000eab00000,0x00000000eab00000,0x00000000eb700000)
  from space 3072K, 94% used [0x00000000ebb80000,0x00000000ebe54190,0x00000000ebe80000)
  to   space 3584K, 0% used [0x00000000eb780000,0x00000000eb780000,0x00000000ebb00000)
 ParOldGen       total 135168K, used 135158K [0x00000000c0000000, 0x00000000c8400000, 0x00000000eab00000)
  object space 135168K, 99% used [0x00000000c0000000,0x00000000c83fd958,0x00000000c8400000)
 Metaspace       used 57450K, committed 58752K, reserved 1114112K
  class space    used 5855K, committed 6400K, reserved 1048576K
}
Event: 24.175 GC heap before
{Heap before GC invocations=55 (full 2):
 PSYoungGen      total 15360K, used 15154K [0x00000000eab00000, 0x00000000ebe80000, 0x0000000100000000)
  eden space 12288K, 99% used [0x00000000eab00000,0x00000000eb6f87f0,0x00000000eb700000)
  from space 3072K, 94% used [0x00000000ebb80000,0x00000000ebe54190,0x00000000ebe80000)
  to   space 3584K, 0% used [0x00000000eb780000,0x00000000eb780000,0x00000000ebb00000)
 ParOldGen       total 135168K, used 135158K [0x00000000c0000000, 0x00000000c8400000, 0x00000000eab00000)
  object space 135168K, 99% used [0x00000000c0000000,0x00000000c83fd958,0x00000000c8400000)
 Metaspace       used 57554K, committed 58880K, reserved 1114112K
  class space    used 5855K, committed 6400K, reserved 1048576K
}
Event: 24.179 GC heap after
{Heap after GC invocations=55 (full 2):
 PSYoungGen      total 15360K, used 2681K [0x00000000eab00000, 0x00000000ebd00000, 0x0000000100000000)
  eden space 12288K, 0% used [0x00000000eab00000,0x00000000eab00000,0x00000000eb700000)
  from space 3072K, 87% used [0x00000000eb780000,0x00000000eba1e440,0x00000000eba80000)
  to   space 2560K, 0% used [0x00000000eba80000,0x00000000eba80000,0x00000000ebd00000)
 ParOldGen       total 138240K, used 137789K [0x00000000c0000000, 0x00000000c8700000, 0x00000000eab00000)
  object space 138240K, 99% used [0x00000000c0000000,0x00000000c868f408,0x00000000c8700000)
 Metaspace       used 57554K, committed 58880K, reserved 1114112K
  class space    used 5855K, committed 6400K, reserved 1048576K
}
Event: 24.265 GC heap before
{Heap before GC invocations=56 (full 2):
 PSYoungGen      total 15360K, used 14958K [0x00000000eab00000, 0x00000000ebd00000, 0x0000000100000000)
  eden space 12288K, 99% used [0x00000000eab00000,0x00000000eb6fd5b0,0x00000000eb700000)
  from space 3072K, 87% used [0x00000000eb780000,0x00000000eba1e440,0x00000000eba80000)
  to   space 2560K, 0% used [0x00000000eba80000,0x00000000eba80000,0x00000000ebd00000)
 ParOldGen       total 138240K, used 137789K [0x00000000c0000000, 0x00000000c8700000, 0x00000000eab00000)
  object space 138240K, 99% used [0x00000000c0000000,0x00000000c868f408,0x00000000c8700000)
 Metaspace       used 57665K, committed 58880K, reserved 1114112K
  class space    used 5867K, committed 6400K, reserved 1048576K
}
Event: 24.268 GC heap after
{Heap after GC invocations=56 (full 2):
 PSYoungGen      total 12800K, used 2556K [0x00000000eab00000, 0x00000000ec200000, 0x0000000100000000)
  eden space 10240K, 0% used [0x00000000eab00000,0x00000000eab00000,0x00000000eb500000)
  from space 2560K, 99% used [0x00000000eba80000,0x00000000ebcff228,0x00000000ebd00000)
  to   space 5632K, 0% used [0x00000000eb500000,0x00000000eb500000,0x00000000eba80000)
 ParOldGen       total 140800K, used 140430K [0x00000000c0000000, 0x00000000c8980000, 0x00000000eab00000)
  object space 140800K, 99% used [0x00000000c0000000,0x00000000c8923b70,0x00000000c8980000)
 Metaspace       used 57665K, committed 58880K, reserved 1114112K
  class space    used 5867K, committed 6400K, reserved 1048576K
}
Event: 24.349 GC heap before
{Heap before GC invocations=57 (full 2):
 PSYoungGen      total 12800K, used 12796K [0x00000000eab00000, 0x00000000ec200000, 0x0000000100000000)
  eden space 10240K, 100% used [0x00000000eab00000,0x00000000eb500000,0x00000000eb500000)
  from space 2560K, 99% used [0x00000000eba80000,0x00000000ebcff228,0x00000000ebd00000)
  to   space 5632K, 0% used [0x00000000eb500000,0x00000000eb500000,0x00000000eba80000)
 ParOldGen       total 140800K, used 140430K [0x00000000c0000000, 0x00000000c8980000, 0x00000000eab00000)
  object space 140800K, 99% used [0x00000000c0000000,0x00000000c8923b70,0x00000000c8980000)
 Metaspace       used 57736K, committed 58944K, reserved 1114112K
  class space    used 5875K, committed 6400K, reserved 1048576K
}
Event: 24.353 GC heap after
{Heap after GC invocations=57 (full 2):
 PSYoungGen      total 12800K, used 2117K [0x00000000eab00000, 0x00000000ebc00000, 0x0000000100000000)
  eden space 10240K, 0% used [0x00000000eab00000,0x00000000eab00000,0x00000000eb500000)
  from space 2560K, 82% used [0x00000000eb500000,0x00000000eb711790,0x00000000eb780000)
  to   space 3584K, 0% used [0x00000000eb880000,0x00000000eb880000,0x00000000ebc00000)
 ParOldGen       total 143360K, used 142856K [0x00000000c0000000, 0x00000000c8c00000, 0x00000000eab00000)
  object space 143360K, 99% used [0x00000000c0000000,0x00000000c8b82190,0x00000000c8c00000)
 Metaspace       used 57736K, committed 58944K, reserved 1114112K
  class space    used 5875K, committed 6400K, reserved 1048576K
}
Event: 24.459 GC heap before
{Heap before GC invocations=58 (full 2):
 PSYoungGen      total 12800K, used 12357K [0x00000000eab00000, 0x00000000ebc00000, 0x0000000100000000)
  eden space 10240K, 100% used [0x00000000eab00000,0x00000000eb500000,0x00000000eb500000)
  from space 2560K, 82% used [0x00000000eb500000,0x00000000eb711790,0x00000000eb780000)
  to   space 3584K, 0% used [0x00000000eb880000,0x00000000eb880000,0x00000000ebc00000)
 ParOldGen       total 143360K, used 142856K [0x00000000c0000000, 0x00000000c8c00000, 0x00000000eab00000)
  object space 143360K, 99% used [0x00000000c0000000,0x00000000c8b82190,0x00000000c8c00000)
 Metaspace       used 57763K, committed 59072K, reserved 1114112K
  class space    used 5875K, committed 6400K, reserved 1048576K
}
Event: 24.462 GC heap after
{Heap after GC invocations=58 (full 2):
 PSYoungGen      total 12800K, used 2101K [0x00000000eab00000, 0x00000000ebb00000, 0x0000000100000000)
  eden space 10240K, 0% used [0x00000000eab00000,0x00000000eab00000,0x00000000eb500000)
  from space 2560K, 82% used [0x00000000eb880000,0x00000000eba8d548,0x00000000ebb00000)
  to   space 2560K, 0% used [0x00000000eb500000,0x00000000eb500000,0x00000000eb780000)
 ParOldGen       total 144896K, used 144839K [0x00000000c0000000, 0x00000000c8d80000, 0x00000000eab00000)
  object space 144896K, 99% used [0x00000000c0000000,0x00000000c8d71fb8,0x00000000c8d80000)
 Metaspace       used 57763K, committed 59072K, reserved 1114112K
  class space    used 5875K, committed 6400K, reserved 1048576K
}
Event: 24.528 GC heap before
{Heap before GC invocations=59 (full 2):
 PSYoungGen      total 12800K, used 12341K [0x00000000eab00000, 0x00000000ebb00000, 0x0000000100000000)
  eden space 10240K, 100% used [0x00000000eab00000,0x00000000eb500000,0x00000000eb500000)
  from space 2560K, 82% used [0x00000000eb880000,0x00000000eba8d548,0x00000000ebb00000)
  to   space 2560K, 0% used [0x00000000eb500000,0x00000000eb500000,0x00000000eb780000)
 ParOldGen       total 144896K, used 144839K [0x00000000c0000000, 0x00000000c8d80000, 0x00000000eab00000)
  object space 144896K, 99% used [0x00000000c0000000,0x00000000c8d71fb8,0x00000000c8d80000)
 Metaspace       used 57793K, committed 59072K, reserved 1114112K
  class space    used 5875K, committed 6400K, reserved 1048576K
}
Event: 24.531 GC heap after
{Heap after GC invocations=59 (full 2):
 PSYoungGen      total 12800K, used 2288K [0x00000000eab00000, 0x00000000eba00000, 0x0000000100000000)
  eden space 10240K, 0% used [0x00000000eab00000,0x00000000eab00000,0x00000000eb500000)
  from space 2560K, 89% used [0x00000000eb500000,0x00000000eb73c078,0x00000000eb780000)
  to   space 2560K, 0% used [0x00000000eb780000,0x00000000eb780000,0x00000000eba00000)
 ParOldGen       total 146944K, used 146822K [0x00000000c0000000, 0x00000000c8f80000, 0x00000000eab00000)
  object space 146944K, 99% used [0x00000000c0000000,0x00000000c8f61900,0x00000000c8f80000)
 Metaspace       used 57793K, committed 59072K, reserved 1114112K
  class space    used 5875K, committed 6400K, reserved 1048576K
}
Event: 24.599 GC heap before
{Heap before GC invocations=60 (full 2):
 PSYoungGen      total 12800K, used 12528K [0x00000000eab00000, 0x00000000eba00000, 0x0000000100000000)
  eden space 10240K, 100% used [0x00000000eab00000,0x00000000eb500000,0x00000000eb500000)
  from space 2560K, 89% used [0x00000000eb500000,0x00000000eb73c078,0x00000000eb780000)
  to   space 2560K, 0% used [0x00000000eb780000,0x00000000eb780000,0x00000000eba00000)
 ParOldGen       total 146944K, used 146822K [0x00000000c0000000, 0x00000000c8f80000, 0x00000000eab00000)
  object space 146944K, 99% used [0x00000000c0000000,0x00000000c8f61900,0x00000000c8f80000)
 Metaspace       used 57824K, committed 59072K, reserved 1114112K
  class space    used 5875K, committed 6400K, reserved 1048576K
}
Event: 24.602 GC heap after
{Heap after GC invocations=60 (full 2):
 PSYoungGen      total 12800K, used 2180K [0x00000000eab00000, 0x00000000eba00000, 0x0000000100000000)
  eden space 10240K, 0% used [0x00000000eab00000,0x00000000eab00000,0x00000000eb500000)
  from space 2560K, 85% used [0x00000000eb780000,0x00000000eb9a1320,0x00000000eba00000)
  to   space 2560K, 0% used [0x00000000eb500000,0x00000000eb500000,0x00000000eb780000)
 ParOldGen       total 148992K, used 148778K [0x00000000c0000000, 0x00000000c9180000, 0x00000000eab00000)
  object space 148992K, 99% used [0x00000000c0000000,0x00000000c914aac8,0x00000000c9180000)
 Metaspace       used 57824K, committed 59072K, reserved 1114112K
  class space    used 5875K, committed 6400K, reserved 1048576K
}
Event: 24.716 GC heap before
{Heap before GC invocations=61 (full 2):
 PSYoungGen      total 12800K, used 12420K [0x00000000eab00000, 0x00000000eba00000, 0x0000000100000000)
  eden space 10240K, 100% used [0x00000000eab00000,0x00000000eb500000,0x00000000eb500000)
  from space 2560K, 85% used [0x00000000eb780000,0x00000000eb9a1320,0x00000000eba00000)
  to   space 2560K, 0% used [0x00000000eb500000,0x00000000eb500000,0x00000000eb780000)
 ParOldGen       total 148992K, used 148778K [0x00000000c0000000, 0x00000000c9180000, 0x00000000eab00000)
  object space 148992K, 99% used [0x00000000c0000000,0x00000000c914aac8,0x00000000c9180000)
 Metaspace       used 57861K, committed 59136K, reserved 1114112K
  class space    used 5875K, committed 6400K, reserved 1048576K
}
Event: 24.719 GC heap after
{Heap after GC invocations=61 (full 2):
 PSYoungGen      total 12288K, used 1836K [0x00000000eab00000, 0x00000000eb900000, 0x0000000100000000)
  eden space 10240K, 0% used [0x00000000eab00000,0x00000000eab00000,0x00000000eb500000)
  from space 2048K, 89% used [0x00000000eb500000,0x00000000eb6cb220,0x00000000eb700000)
  to   space 2048K, 0% used [0x00000000eb700000,0x00000000eb700000,0x00000000eb900000)
 ParOldGen       total 151040K, used 150664K [0x00000000c0000000, 0x00000000c9380000, 0x00000000eab00000)
  object space 151040K, 99% used [0x00000000c0000000,0x00000000c9322090,0x00000000c9380000)
 Metaspace       used 57861K, committed 59136K, reserved 1114112K
  class space    used 5875K, committed 6400K, reserved 1048576K
}
Event: 24.846 GC heap before
{Heap before GC invocations=62 (full 2):
 PSYoungGen      total 12288K, used 12076K [0x00000000eab00000, 0x00000000eb900000, 0x0000000100000000)
  eden space 10240K, 100% used [0x00000000eab00000,0x00000000eb500000,0x00000000eb500000)
  from space 2048K, 89% used [0x00000000eb500000,0x00000000eb6cb220,0x00000000eb700000)
  to   space 2048K, 0% used [0x00000000eb700000,0x00000000eb700000,0x00000000eb900000)
 ParOldGen       total 151040K, used 150664K [0x00000000c0000000, 0x00000000c9380000, 0x00000000eab00000)
  object space 151040K, 99% used [0x00000000c0000000,0x00000000c9322090,0x00000000c9380000)
 Metaspace       used 57883K, committed 59136K, reserved 1114112K
  class space    used 5875K, committed 6400K, reserved 1048576K
}
Event: 24.849 GC heap after
{Heap after GC invocations=62 (full 2):
 PSYoungGen      total 12288K, used 1863K [0x00000000eab00000, 0x00000000eb900000, 0x0000000100000000)
  eden space 10240K, 0% used [0x00000000eab00000,0x00000000eab00000,0x00000000eb500000)
  from space 2048K, 90% used [0x00000000eb700000,0x00000000eb8d1c88,0x00000000eb900000)
  to   space 2048K, 0% used [0x00000000eb500000,0x00000000eb500000,0x00000000eb700000)
 ParOldGen       total 152576K, used 152334K [0x00000000c0000000, 0x00000000c9500000, 0x00000000eab00000)
  object space 152576K, 99% used [0x00000000c0000000,0x00000000c94c39a8,0x00000000c9500000)
 Metaspace       used 57883K, committed 59136K, reserved 1114112K
  class space    used 5875K, committed 6400K, reserved 1048576K
}
Event: 24.947 GC heap before
{Heap before GC invocations=63 (full 2):
 PSYoungGen      total 12288K, used 12103K [0x00000000eab00000, 0x00000000eb900000, 0x0000000100000000)
  eden space 10240K, 100% used [0x00000000eab00000,0x00000000eb500000,0x00000000eb500000)
  from space 2048K, 90% used [0x00000000eb700000,0x00000000eb8d1c88,0x00000000eb900000)
  to   space 2048K, 0% used [0x00000000eb500000,0x00000000eb500000,0x00000000eb700000)
 ParOldGen       total 152576K, used 152334K [0x00000000c0000000, 0x00000000c9500000, 0x00000000eab00000)
  object space 152576K, 99% used [0x00000000c0000000,0x00000000c94c39a8,0x00000000c9500000)
 Metaspace       used 57895K, committed 59136K, reserved 1114112K
  class space    used 5875K, committed 6400K, reserved 1048576K
}
Event: 24.951 GC heap after
{Heap after GC invocations=63 (full 2):
 PSYoungGen      total 12288K, used 2022K [0x00000000eab00000, 0x00000000ebd00000, 0x0000000100000000)
  eden space 10240K, 0% used [0x00000000eab00000,0x00000000eab00000,0x00000000eb500000)
  from space 2048K, 98% used [0x00000000eb500000,0x00000000eb6f9ae8,0x00000000eb700000)
  to   space 4096K, 0% used [0x00000000eb900000,0x00000000eb900000,0x00000000ebd00000)
 ParOldGen       total 154112K, used 154058K [0x00000000c0000000, 0x00000000c9680000, 0x00000000eab00000)
  object space 154112K, 99% used [0x00000000c0000000,0x00000000c9672848,0x00000000c9680000)
 Metaspace       used 57895K, committed 59136K, reserved 1114112K
  class space    used 5875K, committed 6400K, reserved 1048576K
}

