# JRE version: OpenJDK Runtime Environment Temurin-21.0.5+11 (21.0.5+11) (build 21.0.5+11-LTS)
# Java VM: OpenJDK 64-Bit Server VM Temurin-21.0.5+11 (21.0.5+11-LTS, mixed mode, sharing, tiered, compressed oops, compressed class ptrs, parallel gc, windows-amd64)
GC Precious Log:
 CardTable entry size: 512
 CPUs: 8 total, 8 available
 Memory: 7979M
 Large Page Support: Disabled
 NUMA Support: Disabled
 Compressed Oops: Enabled (32-bit)
 Alignments: Space 512K, Generation 512K, Heap 2M
 Heap Min Capacity: 100M
 Heap Initial Capacity: 100M
 Heap Max Capacity: 1G
 Pre-touch: Disabled
 Parallel Workers: 8
Heap:
 PSYoungGen      total 23040K, used 22284K [0x00000000eab00000, 0x00000000ec500000, 0x0000000100000000)
  eden space 22016K, 96% used [0x00000000eab00000,0x00000000ebfd3028,0x00000000ec080000)
  from space 1024K, 93% used [0x00000000ec300000,0x00000000ec3f0000,0x00000000ec400000)
  to   space 1024K, 0% used [0x00000000ec400000,0x00000000ec400000,0x00000000ec500000)
 ParOldGen       total 68608K, used 21136K [0x00000000c0000000, 0x00000000c4300000, 0x00000000eab00000)
  object space 68608K, 30% used [0x00000000c0000000,0x00000000c14a4138,0x00000000c4300000)
 Metaspace       used 40283K, committed 41344K, reserved 1114112K
  class space    used 4172K, committed 4608K, reserved 1048576K
GC Heap History (20 events):
Event: 7.157 GC heap before
{Heap before GC invocations=8 (full 1):
 PSYoungGen      total 29696K, used 4605K [0x00000000eab00000, 0x00000000ecd80000, 0x0000000100000000)
  eden space 24064K, 0% used [0x00000000eab00000,0x00000000eab00000,0x00000000ec280000)
  from space 5632K, 81% used [0x00000000ec280000,0x00000000ec6ff448,0x00000000ec800000)
  to   space 5120K, 0% used [0x00000000ec880000,0x00000000ec880000,0x00000000ecd80000)
 ParOldGen       total 68608K, used 11530K [0x00000000c0000000, 0x00000000c4300000, 0x00000000eab00000)
  object space 68608K, 16% used [0x00000000c0000000,0x00000000c0b42bd0,0x00000000c4300000)
 Metaspace       used 20751K, committed 21504K, reserved 1114112K
  class space    used 2078K, committed 2368K, reserved 1048576K
}
Event: 7.210 GC heap after
{Heap after GC invocations=8 (full 1):
 PSYoungGen      total 29696K, used 0K [0x00000000eab00000, 0x00000000ecd80000, 0x0000000100000000)
  eden space 24064K, 0% used [0x00000000eab00000,0x00000000eab00000,0x00000000ec280000)
  from space 5632K, 0% used [0x00000000ec280000,0x00000000ec280000,0x00000000ec800000)
  to   space 5120K, 0% used [0x00000000ec880000,0x00000000ec880000,0x00000000ecd80000)
 ParOldGen       total 68608K, used 14733K [0x00000000c0000000, 0x00000000c4300000, 0x00000000eab00000)
  object space 68608K, 21% used [0x00000000c0000000,0x00000000c0e636b8,0x00000000c4300000)
 Metaspace       used 20738K, committed 21504K, reserved 1114112K
  class space    used 2074K, committed 2368K, reserved 1048576K
}
Event: 7.537 GC heap before
{Heap before GC invocations=9 (full 1):
 PSYoungGen      total 29696K, used 24064K [0x00000000eab00000, 0x00000000ecd80000, 0x0000000100000000)
  eden space 24064K, 100% used [0x00000000eab00000,0x00000000ec280000,0x00000000ec280000)
  from space 5632K, 0% used [0x00000000ec280000,0x00000000ec280000,0x00000000ec800000)
  to   space 5120K, 0% used [0x00000000ec880000,0x00000000ec880000,0x00000000ecd80000)
 ParOldGen       total 68608K, used 14733K [0x00000000c0000000, 0x00000000c4300000, 0x00000000eab00000)
  object space 68608K, 21% used [0x00000000c0000000,0x00000000c0e636b8,0x00000000c4300000)
 Metaspace       used 23276K, committed 24064K, reserved 1114112K
  class space    used 2230K, committed 2560K, reserved 1048576K
}
Event: 7.539 GC heap after
{Heap after GC invocations=9 (full 1):
 PSYoungGen      total 24576K, used 762K [0x00000000eab00000, 0x00000000ec980000, 0x0000000100000000)
  eden space 23552K, 0% used [0x00000000eab00000,0x00000000eab00000,0x00000000ec200000)
  from space 1024K, 74% used [0x00000000ec880000,0x00000000ec93ead8,0x00000000ec980000)
  to   space 2560K, 0% used [0x00000000ec480000,0x00000000ec480000,0x00000000ec700000)
 ParOldGen       total 68608K, used 14733K [0x00000000c0000000, 0x00000000c4300000, 0x00000000eab00000)
  object space 68608K, 21% used [0x00000000c0000000,0x00000000c0e636b8,0x00000000c4300000)
 Metaspace       used 23276K, committed 24064K, reserved 1114112K
  class space    used 2230K, committed 2560K, reserved 1048576K
}
Event: 7.880 GC heap before
{Heap before GC invocations=10 (full 1):
 PSYoungGen      total 24576K, used 24314K [0x00000000eab00000, 0x00000000ec980000, 0x0000000100000000)
  eden space 23552K, 100% used [0x00000000eab00000,0x00000000ec200000,0x00000000ec200000)
  from space 1024K, 74% used [0x00000000ec880000,0x00000000ec93ead8,0x00000000ec980000)
  to   space 2560K, 0% used [0x00000000ec480000,0x00000000ec480000,0x00000000ec700000)
 ParOldGen       total 68608K, used 14733K [0x00000000c0000000, 0x00000000c4300000, 0x00000000eab00000)
  object space 68608K, 21% used [0x00000000c0000000,0x00000000c0e636b8,0x00000000c4300000)
 Metaspace       used 26182K, committed 26944K, reserved 1114112K
  class space    used 2461K, committed 2752K, reserved 1048576K
}
Event: 7.882 GC heap after
{Heap after GC invocations=10 (full 1):
 PSYoungGen      total 25600K, used 2253K [0x00000000eab00000, 0x00000000ec900000, 0x0000000100000000)
  eden space 23040K, 0% used [0x00000000eab00000,0x00000000eab00000,0x00000000ec180000)
  from space 2560K, 88% used [0x00000000ec480000,0x00000000ec6b36b0,0x00000000ec700000)
  to   space 2048K, 0% used [0x00000000ec700000,0x00000000ec700000,0x00000000ec900000)
 ParOldGen       total 68608K, used 14733K [0x00000000c0000000, 0x00000000c4300000, 0x00000000eab00000)
  object space 68608K, 21% used [0x00000000c0000000,0x00000000c0e636b8,0x00000000c4300000)
 Metaspace       used 26182K, committed 26944K, reserved 1114112K
  class space    used 2461K, committed 2752K, reserved 1048576K
}
Event: 8.252 GC heap before
{Heap before GC invocations=11 (full 1):
 PSYoungGen      total 25600K, used 25293K [0x00000000eab00000, 0x00000000ec900000, 0x0000000100000000)
  eden space 23040K, 100% used [0x00000000eab00000,0x00000000ec180000,0x00000000ec180000)
  from space 2560K, 88% used [0x00000000ec480000,0x00000000ec6b36b0,0x00000000ec700000)
  to   space 2048K, 0% used [0x00000000ec700000,0x00000000ec700000,0x00000000ec900000)
 ParOldGen       total 68608K, used 14733K [0x00000000c0000000, 0x00000000c4300000, 0x00000000eab00000)
  object space 68608K, 21% used [0x00000000c0000000,0x00000000c0e636b8,0x00000000c4300000)
 Metaspace       used 28254K, committed 29120K, reserved 1114112K
  class space    used 2662K, committed 3008K, reserved 1048576K
}
Event: 8.256 GC heap after
{Heap after GC invocations=11 (full 1):
 PSYoungGen      total 24576K, used 2043K [0x00000000eab00000, 0x00000000ec900000, 0x0000000100000000)
  eden space 22528K, 0% used [0x00000000eab00000,0x00000000eab00000,0x00000000ec100000)
  from space 2048K, 99% used [0x00000000ec700000,0x00000000ec8feea8,0x00000000ec900000)
  to   space 3584K, 0% used [0x00000000ec200000,0x00000000ec200000,0x00000000ec580000)
 ParOldGen       total 68608K, used 15759K [0x00000000c0000000, 0x00000000c4300000, 0x00000000eab00000)
  object space 68608K, 22% used [0x00000000c0000000,0x00000000c0f63c98,0x00000000c4300000)
 Metaspace       used 28254K, committed 29120K, reserved 1114112K
  class space    used 2662K, committed 3008K, reserved 1048576K
}
Event: 8.634 GC heap before
{Heap before GC invocations=12 (full 1):
 PSYoungGen      total 24576K, used 24571K [0x00000000eab00000, 0x00000000ec900000, 0x0000000100000000)
  eden space 22528K, 100% used [0x00000000eab00000,0x00000000ec100000,0x00000000ec100000)
  from space 2048K, 99% used [0x00000000ec700000,0x00000000ec8feea8,0x00000000ec900000)
  to   space 3584K, 0% used [0x00000000ec200000,0x00000000ec200000,0x00000000ec580000)
 ParOldGen       total 68608K, used 15759K [0x00000000c0000000, 0x00000000c4300000, 0x00000000eab00000)
  object space 68608K, 22% used [0x00000000c0000000,0x00000000c0f63c98,0x00000000c4300000)
 Metaspace       used 31678K, committed 32704K, reserved 1114112K
  class space    used 3111K, committed 3520K, reserved 1048576K
}
Event: 8.638 GC heap after
{Heap after GC invocations=12 (full 1):
 PSYoungGen      total 25600K, used 1034K [0x00000000eab00000, 0x00000000ec780000, 0x0000000100000000)
  eden space 22016K, 0% used [0x00000000eab00000,0x00000000eab00000,0x00000000ec080000)
  from space 3584K, 28% used [0x00000000ec200000,0x00000000ec3028e0,0x00000000ec580000)
  to   space 2048K, 0% used [0x00000000ec580000,0x00000000ec580000,0x00000000ec780000)
 ParOldGen       total 68608K, used 17690K [0x00000000c0000000, 0x00000000c4300000, 0x00000000eab00000)
  object space 68608K, 25% used [0x00000000c0000000,0x00000000c1146bf0,0x00000000c4300000)
 Metaspace       used 31678K, committed 32704K, reserved 1114112K
  class space    used 3111K, committed 3520K, reserved 1048576K
}
Event: 8.856 GC heap before
{Heap before GC invocations=13 (full 1):
 PSYoungGen      total 25600K, used 23050K [0x00000000eab00000, 0x00000000ec780000, 0x0000000100000000)
  eden space 22016K, 100% used [0x00000000eab00000,0x00000000ec080000,0x00000000ec080000)
  from space 3584K, 28% used [0x00000000ec200000,0x00000000ec3028e0,0x00000000ec580000)
  to   space 2048K, 0% used [0x00000000ec580000,0x00000000ec580000,0x00000000ec780000)
 ParOldGen       total 68608K, used 17690K [0x00000000c0000000, 0x00000000c4300000, 0x00000000eab00000)
  object space 68608K, 25% used [0x00000000c0000000,0x00000000c1146bf0,0x00000000c4300000)
 Metaspace       used 33656K, committed 34752K, reserved 1114112K
  class space    used 3351K, committed 3776K, reserved 1048576K
}
Event: 8.860 GC heap after
{Heap after GC invocations=13 (full 1):
 PSYoungGen      total 23552K, used 1456K [0x00000000eab00000, 0x00000000ec700000, 0x0000000100000000)
  eden space 22016K, 0% used [0x00000000eab00000,0x00000000eab00000,0x00000000ec080000)
  from space 1536K, 94% used [0x00000000ec580000,0x00000000ec6ec090,0x00000000ec700000)
  to   space 2048K, 0% used [0x00000000ec300000,0x00000000ec300000,0x00000000ec500000)
 ParOldGen       total 68608K, used 18558K [0x00000000c0000000, 0x00000000c4300000, 0x00000000eab00000)
  object space 68608K, 27% used [0x00000000c0000000,0x00000000c121fae0,0x00000000c4300000)
 Metaspace       used 33656K, committed 34752K, reserved 1114112K
  class space    used 3351K, committed 3776K, reserved 1048576K
}
Event: 9.015 GC heap before
{Heap before GC invocations=14 (full 1):
 PSYoungGen      total 23552K, used 14073K [0x00000000eab00000, 0x00000000ec700000, 0x0000000100000000)
  eden space 22016K, 57% used [0x00000000eab00000,0x00000000eb7526a0,0x00000000ec080000)
  from space 1536K, 94% used [0x00000000ec580000,0x00000000ec6ec090,0x00000000ec700000)
  to   space 2048K, 0% used [0x00000000ec300000,0x00000000ec300000,0x00000000ec500000)
 ParOldGen       total 68608K, used 18558K [0x00000000c0000000, 0x00000000c4300000, 0x00000000eab00000)
  object space 68608K, 27% used [0x00000000c0000000,0x00000000c121fae0,0x00000000c4300000)
 Metaspace       used 34849K, committed 35840K, reserved 1114112K
  class space    used 3504K, committed 3904K, reserved 1048576K
}
Event: 9.017 GC heap after
{Heap after GC invocations=14 (full 1):
 PSYoungGen      total 23552K, used 1360K [0x00000000eab00000, 0x00000000ec600000, 0x0000000100000000)
  eden space 22016K, 0% used [0x00000000eab00000,0x00000000eab00000,0x00000000ec080000)
  from space 1536K, 88% used [0x00000000ec300000,0x00000000ec454010,0x00000000ec480000)
  to   space 1536K, 0% used [0x00000000ec480000,0x00000000ec480000,0x00000000ec600000)
 ParOldGen       total 68608K, used 19505K [0x00000000c0000000, 0x00000000c4300000, 0x00000000eab00000)
  object space 68608K, 28% used [0x00000000c0000000,0x00000000c130c520,0x00000000c4300000)
 Metaspace       used 34849K, committed 35840K, reserved 1114112K
  class space    used 3504K, committed 3904K, reserved 1048576K
}
Event: 9.017 GC heap before
{Heap before GC invocations=15 (full 2):
 PSYoungGen      total 23552K, used 1360K [0x00000000eab00000, 0x00000000ec600000, 0x0000000100000000)
  eden space 22016K, 0% used [0x00000000eab00000,0x00000000eab00000,0x00000000ec080000)
  from space 1536K, 88% used [0x00000000ec300000,0x00000000ec454010,0x00000000ec480000)
  to   space 1536K, 0% used [0x00000000ec480000,0x00000000ec480000,0x00000000ec600000)
 ParOldGen       total 68608K, used 19505K [0x00000000c0000000, 0x00000000c4300000, 0x00000000eab00000)
  object space 68608K, 28% used [0x00000000c0000000,0x00000000c130c520,0x00000000c4300000)
 Metaspace       used 34849K, committed 35840K, reserved 1114112K
  class space    used 3504K, committed 3904K, reserved 1048576K
}
Event: 9.080 GC heap after
{Heap after GC invocations=15 (full 2):
 PSYoungGen      total 23552K, used 0K [0x00000000eab00000, 0x00000000ec600000, 0x0000000100000000)
  eden space 22016K, 0% used [0x00000000eab00000,0x00000000eab00000,0x00000000ec080000)
  from space 1536K, 0% used [0x00000000ec300000,0x00000000ec300000,0x00000000ec480000)
  to   space 1536K, 0% used [0x00000000ec480000,0x00000000ec480000,0x00000000ec600000)
 ParOldGen       total 68608K, used 20150K [0x00000000c0000000, 0x00000000c4300000, 0x00000000eab00000)
  object space 68608K, 29% used [0x00000000c0000000,0x00000000c13ad9b0,0x00000000c4300000)
 Metaspace       used 34839K, committed 35840K, reserved 1114112K
  class space    used 3501K, committed 3904K, reserved 1048576K
}
Event: 9.327 GC heap before
{Heap before GC invocations=16 (full 2):
 PSYoungGen      total 23552K, used 22016K [0x00000000eab00000, 0x00000000ec600000, 0x0000000100000000)
  eden space 22016K, 100% used [0x00000000eab00000,0x00000000ec080000,0x00000000ec080000)
  from space 1536K, 0% used [0x00000000ec300000,0x00000000ec300000,0x00000000ec480000)
  to   space 1536K, 0% used [0x00000000ec480000,0x00000000ec480000,0x00000000ec600000)
 ParOldGen       total 68608K, used 20150K [0x00000000c0000000, 0x00000000c4300000, 0x00000000eab00000)
  object space 68608K, 29% used [0x00000000c0000000,0x00000000c13ad9b0,0x00000000c4300000)
 Metaspace       used 36564K, committed 37696K, reserved 1114112K
  class space    used 3727K, committed 4224K, reserved 1048576K
}
Event: 9.329 GC heap after
{Heap after GC invocations=16 (full 2):
 PSYoungGen      total 23552K, used 1233K [0x00000000eab00000, 0x00000000ec600000, 0x0000000100000000)
  eden space 22016K, 0% used [0x00000000eab00000,0x00000000eab00000,0x00000000ec080000)
  from space 1536K, 80% used [0x00000000ec480000,0x00000000ec5b4788,0x00000000ec600000)
  to   space 1536K, 0% used [0x00000000ec300000,0x00000000ec300000,0x00000000ec480000)
 ParOldGen       total 68608K, used 20158K [0x00000000c0000000, 0x00000000c4300000, 0x00000000eab00000)
  object space 68608K, 29% used [0x00000000c0000000,0x00000000c13af9b0,0x00000000c4300000)
 Metaspace       used 36564K, committed 37696K, reserved 1114112K
  class space    used 3727K, committed 4224K, reserved 1048576K
}
Event: 9.606 GC heap before
{Heap before GC invocations=17 (full 2):
 PSYoungGen      total 23552K, used 23249K [0x00000000eab00000, 0x00000000ec600000, 0x0000000100000000)
  eden space 22016K, 100% used [0x00000000eab00000,0x00000000ec080000,0x00000000ec080000)
  from space 1536K, 80% used [0x00000000ec480000,0x00000000ec5b4788,0x00000000ec600000)
  to   space 1536K, 0% used [0x00000000ec300000,0x00000000ec300000,0x00000000ec480000)
 ParOldGen       total 68608K, used 20158K [0x00000000c0000000, 0x00000000c4300000, 0x00000000eab00000)
  object space 68608K, 29% used [0x00000000c0000000,0x00000000c13af9b0,0x00000000c4300000)
 Metaspace       used 38361K, committed 39424K, reserved 1114112K
  class space    used 3928K, committed 4352K, reserved 1048576K
}
Event: 9.608 GC heap after
{Heap after GC invocations=17 (full 2):
 PSYoungGen      total 23040K, used 960K [0x00000000eab00000, 0x00000000ec500000, 0x0000000100000000)
  eden space 22016K, 0% used [0x00000000eab00000,0x00000000eab00000,0x00000000ec080000)
  from space 1024K, 93% used [0x00000000ec300000,0x00000000ec3f0000,0x00000000ec400000)
  to   space 1024K, 0% used [0x00000000ec400000,0x00000000ec400000,0x00000000ec500000)
 ParOldGen       total 68608K, used 21136K [0x00000000c0000000, 0x00000000c4300000, 0x00000000eab00000)
  object space 68608K, 30% used [0x00000000c0000000,0x00000000c14a4138,0x00000000c4300000)
 Metaspace       used 38361K, committed 39424K, reserved 1114112K
  class space    used 3928K, committed 4352K, reserved 1048576K
}

